[1707253660.403][INFO]: Starting ChromeDriver 121.0.6167.85 (3f98d690ad7e59242ef110144c757b2ac4eef1a2-refs/branch-heads/6167@{#1539}) on port 14851
[1707253660.403][INFO]: Please see https://chromedriver.chromium.org/security-considerations for suggestions on keeping ChromeDriver safe.
[1707253660.813][INFO]: [a870904a45daa46b5d998ab01d798a9b] COMMAND InitSession {
   "capabilities": {
      "firstMatch": [ {
         "browserName": "chrome",
         "goog:chromeOptions": {
            "args": [  ],
            "extensions": [  ]
         },
         "goog:loggingPrefs": {
            "browser": "ALL",
            "driver": "ALL"
         }
      } ]
   }
}
[1707253660.813][INFO]: Browser search. Trying... C:\Users\abhip\.cache\selenium\chromedriver\win64\121.0.6167.85\chrome.exe
[1707253660.814][INFO]: Browser search. Trying... C:\Users\abhip\.cache\selenium\chromedriver\win64\121.0.6167.85\chrome.exe
[1707253660.814][INFO]: Browser search. Trying... C:\Users\abhip\.cache\selenium\chromedriver\win64\121.0.6167.85\chromium.exe
[1707253660.818][INFO]: Browser search. Trying... C:\Users\abhip\AppData\Local\Google\Chrome\Application\chrome.exe
[1707253660.818][INFO]: Browser search. Trying... C:\Program Files\Google\Chrome\Application\chrome.exe
[1707253660.818][INFO]: Browser search. Found at  C:\Program Files\Google\Chrome\Application\chrome.exe
[1707253660.819][INFO]: Populating Preferences file: {
   "alternate_error_pages": {
      "enabled": false
   },
   "autofill": {
      "enabled": false
   },
   "browser": {
      "check_default_browser": false
   },
   "distribution": {
      "import_bookmarks": false,
      "import_history": false,
      "import_search_engine": false,
      "make_chrome_default_for_user": false,
      "skip_first_run_ui": true
   },
   "dns_prefetching": {
      "enabled": false
   },
   "profile": {
      "content_settings": {
         "pattern_pairs": {
            "https://*,*": {
               "media-stream": {
                  "audio": "Default",
                  "video": "Default"
               }
            }
         }
      },
      "default_content_setting_values": {
         "geolocation": 1
      },
      "default_content_settings": {
         "geolocation": 1,
         "mouselock": 1,
         "notifications": 1,
         "popups": 1,
         "ppapi-broker": 1
      },
      "password_manager_enabled": false
   },
   "safebrowsing": {
      "enabled": false
   },
   "search": {
      "suggest_enabled": false
   },
   "translate": {
      "enabled": false
   }
}
[1707253660.820][INFO]: Populating Local State file: {
   "background_mode": {
      "enabled": false
   },
   "ssl": {
      "rev_checking": {
         "enabled": false
      }
   }
}
[1707253660.821][INFO]: ChromeDriver supports communication with Chrome via pipes. This is more reliable and more secure.
[1707253660.821][INFO]: Use the --remote-debugging-pipe Chrome switch instead of the default --remote-debugging-port to enable this communication mode.
[1707253660.822][INFO]: Launching chrome: "C:\Program Files\Google\Chrome\Application\chrome.exe" --allow-pre-commit-input --disable-background-networking --disable-backgrounding-occluded-windows --disable-client-side-phishing-detection --disable-default-apps --disable-hang-monitor --disable-popup-blocking --disable-prompt-on-repost --disable-sync --enable-automation --enable-logging --log-level=0 --no-first-run --no-service-autorun --password-store=basic --remote-debugging-port=0 --test-type=webdriver --use-mock-keychain --user-data-dir="C:\Users\abhip\AppData\Local\Temp\scoped_dir8172_1574553239" data:,
[1707253661.486][INFO]: resolved localhost to ["::1","127.0.0.1"]
[1707253661.499][INFO]: [a870904a45daa46b5d998ab01d798a9b] RESPONSE InitSession {
   "capabilities": {
      "acceptInsecureCerts": false,
      "browserName": "chrome",
      "browserVersion": "121.0.6167.140",
      "chrome": {
         "chromedriverVersion": "121.0.6167.85 (3f98d690ad7e59242ef110144c757b2ac4eef1a2-refs/branch-heads/6167@{#1539})",
         "userDataDir": "C:\\Users\\abhip\\AppData\\Local\\Temp\\scoped_dir8172_1574553239"
      },
      "fedcm:accounts": true,
      "goog:chromeOptions": {
         "debuggerAddress": "localhost:49177"
      },
      "networkConnectionEnabled": false,
      "pageLoadStrategy": "normal",
      "platformName": "windows",
      "proxy": {
      },
      "setWindowRect": true,
      "strictFileInteractability": false,
      "timeouts": {
         "implicit": 0,
         "pageLoad": 300000,
         "script": 30000
      },
      "unhandledPromptBehavior": "dismiss and notify",
      "webauthn:extension:credBlob": true,
      "webauthn:extension:largeBlob": true,
      "webauthn:extension:minPinLength": true,
      "webauthn:extension:prf": true,
      "webauthn:virtualAuthenticators": true
   },
   "sessionId": "a870904a45daa46b5d998ab01d798a9b"
}
[1707253661.920][INFO]: [a870904a45daa46b5d998ab01d798a9b] COMMAND MaximizeWindow {
}
[1707253661.920][INFO]: Waiting for pending navigations...
[1707253661.930][INFO]: Done waiting for pending navigations. Status: ok
[1707253662.066][INFO]: Waiting for pending navigations...
[1707253662.069][INFO]: Done waiting for pending navigations. Status: ok
[1707253662.069][INFO]: [a870904a45daa46b5d998ab01d798a9b] RESPONSE MaximizeWindow {
   "height": 688,
   "width": 1296,
   "x": -8,
   "y": -8
}
[1707253662.091][INFO]: [a870904a45daa46b5d998ab01d798a9b] COMMAND SetTimeouts {
   "implicit": 30000
}
[1707253662.091][INFO]: [a870904a45daa46b5d998ab01d798a9b] RESPONSE SetTimeouts
[1707253662.105][INFO]: [a870904a45daa46b5d998ab01d798a9b] COMMAND Navigate {
   "url": "https://www.google.com"
}
[1707253662.105][INFO]: Waiting for pending navigations...
[1707253662.107][INFO]: Done waiting for pending navigations. Status: ok
[1707253662.321][INFO]: Waiting for pending navigations...
[1707253663.995][INFO]: Done waiting for pending navigations. Status: ok
[1707253663.995][INFO]: [a870904a45daa46b5d998ab01d798a9b] RESPONSE Navigate
[1707253664.001][INFO]: [a870904a45daa46b5d998ab01d798a9b] COMMAND GetUrl {
}
[1707253664.001][INFO]: Waiting for pending navigations...
[1707253664.002][INFO]: Done waiting for pending navigations. Status: ok
[1707253664.007][INFO]: Waiting for pending navigations...
[1707253664.008][INFO]: Done waiting for pending navigations. Status: ok
[1707253664.008][INFO]: [a870904a45daa46b5d998ab01d798a9b] RESPONSE GetUrl "https://www.google.com/"
[1707253664.016][INFO]: [a870904a45daa46b5d998ab01d798a9b] COMMAND FindElement {
   "using": "css selector",
   "value": "#APjFqb"
}
[1707253664.016][INFO]: Waiting for pending navigations...
[1707253664.017][INFO]: Done waiting for pending navigations. Status: ok
[1707253664.029][INFO]: Waiting for pending navigations...
[1707253664.030][INFO]: Done waiting for pending navigations. Status: ok
[1707253664.030][INFO]: [a870904a45daa46b5d998ab01d798a9b] RESPONSE FindElement {
   "element-6066-11e4-a52e-4f735466cecf": "FEB9838FBBDA34A52587B614385B7E6D_element_2"
}
[1707253664.036][INFO]: [a870904a45daa46b5d998ab01d798a9b] COMMAND ClearElement {
   "id": "FEB9838FBBDA34A52587B614385B7E6D_element_2"
}
[1707253664.036][INFO]: Waiting for pending navigations...
[1707253664.037][INFO]: Done waiting for pending navigations. Status: ok
[1707253664.063][INFO]: 
	=== NOTE: ===
	The Clear command in ChromeDriver 2.43 and above
	has been updated to conform to the current standard,
	including raising blur event after clearing.

[1707253664.083][INFO]: Waiting for pending navigations...
[1707253664.090][INFO]: Done waiting for pending navigations. Status: ok
[1707253664.090][INFO]: [a870904a45daa46b5d998ab01d798a9b] RESPONSE ClearElement
[1707253664.095][INFO]: [a870904a45daa46b5d998ab01d798a9b] COMMAND FindElement {
   "using": "css selector",
   "value": "#APjFqb"
}
[1707253664.095][INFO]: Waiting for pending navigations...
[1707253664.096][INFO]: Done waiting for pending navigations. Status: ok
[1707253664.104][INFO]: Waiting for pending navigations...
[1707253664.105][INFO]: Done waiting for pending navigations. Status: ok
[1707253664.105][INFO]: [a870904a45daa46b5d998ab01d798a9b] RESPONSE FindElement {
   "element-6066-11e4-a52e-4f735466cecf": "FEB9838FBBDA34A52587B614385B7E6D_element_2"
}
[1707253664.113][INFO]: [a870904a45daa46b5d998ab01d798a9b] COMMAND TypeElement {
   "id": "FEB9838FBBDA34A52587B614385B7E6D_element_2",
   "text": "calculator",
   "value": [ "c", "a", "l", "c", "u", "l", "a", "t", "o", "r" ]
}
[1707253664.114][INFO]: Waiting for pending navigations...
[1707253664.114][INFO]: Done waiting for pending navigations. Status: ok
[1707253664.209][INFO]: Waiting for pending navigations...
[1707253664.213][INFO]: Done waiting for pending navigations. Status: ok
[1707253664.213][INFO]: [a870904a45daa46b5d998ab01d798a9b] RESPONSE TypeElement
[1707253664.221][INFO]: [a870904a45daa46b5d998ab01d798a9b] COMMAND FindElement {
   "using": "css selector",
   "value": ".gNO89b"
}
[1707253664.221][INFO]: Waiting for pending navigations...
[1707253664.222][INFO]: Done waiting for pending navigations. Status: ok
[1707253664.241][INFO]: Waiting for pending navigations...
[1707253664.242][INFO]: Done waiting for pending navigations. Status: ok
[1707253664.242][INFO]: [a870904a45daa46b5d998ab01d798a9b] RESPONSE FindElement {
   "element-6066-11e4-a52e-4f735466cecf": "FEB9838FBBDA34A52587B614385B7E6D_element_18"
}
[1707253664.248][INFO]: [a870904a45daa46b5d998ab01d798a9b] COMMAND ClickElement {
   "id": "FEB9838FBBDA34A52587B614385B7E6D_element_18"
}
[1707253664.248][INFO]: Waiting for pending navigations...
[1707253664.249][INFO]: Done waiting for pending navigations. Status: ok
[1707253664.408][INFO]: Waiting for pending navigations...
[1707253664.716][INFO]: Done waiting for pending navigations. Status: ok
[1707253664.716][INFO]: [a870904a45daa46b5d998ab01d798a9b] RESPONSE ClickElement
[1707253664.735][INFO]: [a870904a45daa46b5d998ab01d798a9b] COMMAND FindElement {
   "using": "css selector",
   "value": "#cwos"
}
[1707253664.735][INFO]: Waiting for pending navigations...
[1707253664.735][INFO]: Done waiting for pending navigations. Status: ok
[1707253664.917][INFO]: Waiting for pending navigations...
[1707253666.846][INFO]: Done waiting for pending navigations. Status: ok
[1707253666.846][INFO]: [a870904a45daa46b5d998ab01d798a9b] RESPONSE FindElement {
   "element-6066-11e4-a52e-4f735466cecf": "C3AB1445809BF5E39BF84E1A011CEE9D_element_42"
}
[1707253666.859][INFO]: [a870904a45daa46b5d998ab01d798a9b] COMMAND GetElementText {
   "id": "C3AB1445809BF5E39BF84E1A011CEE9D_element_42"
}
[1707253666.859][INFO]: Waiting for pending navigations...
[1707253666.862][INFO]: Done waiting for pending navigations. Status: ok
[1707253666.914][INFO]: Waiting for pending navigations...
[1707253666.916][INFO]: Done waiting for pending navigations. Status: ok
[1707253666.916][INFO]: [a870904a45daa46b5d998ab01d798a9b] RESPONSE GetElementText "0"
[1707253666.933][INFO]: [a870904a45daa46b5d998ab01d798a9b] COMMAND FindElement {
   "using": "xpath",
   "value": "//div[@role='button'][normalize-space()='5']"
}
[1707253666.933][INFO]: Waiting for pending navigations...
[1707253666.935][INFO]: Done waiting for pending navigations. Status: ok
[1707253666.992][INFO]: Waiting for pending navigations...
[1707253666.994][INFO]: Done waiting for pending navigations. Status: ok
[1707253666.994][INFO]: [a870904a45daa46b5d998ab01d798a9b] RESPONSE FindElement {
   "element-6066-11e4-a52e-4f735466cecf": "C3AB1445809BF5E39BF84E1A011CEE9D_element_61"
}
[1707253667.008][INFO]: [a870904a45daa46b5d998ab01d798a9b] COMMAND ClickElement {
   "id": "C3AB1445809BF5E39BF84E1A011CEE9D_element_61"
}
[1707253667.008][INFO]: Waiting for pending navigations...
[1707253667.013][INFO]: Done waiting for pending navigations. Status: ok
[1707253667.271][INFO]: Waiting for pending navigations...
[1707253667.273][INFO]: Done waiting for pending navigations. Status: ok
[1707253667.273][INFO]: [a870904a45daa46b5d998ab01d798a9b] RESPONSE ClickElement
[1707253669.290][INFO]: [a870904a45daa46b5d998ab01d798a9b] COMMAND FindElement {
   "using": "xpath",
   "value": "//div[@role='button'][normalize-space()='+']"
}
[1707253669.290][INFO]: Waiting for pending navigations...
[1707253669.292][INFO]: Done waiting for pending navigations. Status: ok
[1707253669.342][INFO]: Waiting for pending navigations...
[1707253669.345][INFO]: Done waiting for pending navigations. Status: ok
[1707253669.346][INFO]: [a870904a45daa46b5d998ab01d798a9b] RESPONSE FindElement {
   "element-6066-11e4-a52e-4f735466cecf": "C3AB1445809BF5E39BF84E1A011CEE9D_element_62"
}
[1707253669.359][INFO]: [a870904a45daa46b5d998ab01d798a9b] COMMAND ClickElement {
   "id": "C3AB1445809BF5E39BF84E1A011CEE9D_element_62"
}
[1707253669.359][INFO]: Waiting for pending navigations...
[1707253669.362][INFO]: Done waiting for pending navigations. Status: ok
[1707253669.445][INFO]: Waiting for pending navigations...
[1707253669.447][INFO]: Done waiting for pending navigations. Status: ok
[1707253669.447][INFO]: [a870904a45daa46b5d998ab01d798a9b] RESPONSE ClickElement
[1707253671.464][INFO]: [a870904a45daa46b5d998ab01d798a9b] COMMAND FindElement {
   "using": "xpath",
   "value": "//div[@role='button'][normalize-space()='7']"
}
[1707253671.464][INFO]: Waiting for pending navigations...
[1707253671.466][INFO]: Done waiting for pending navigations. Status: ok
[1707253671.504][INFO]: Waiting for pending navigations...
[1707253671.506][INFO]: Done waiting for pending navigations. Status: ok
[1707253671.506][INFO]: [a870904a45daa46b5d998ab01d798a9b] RESPONSE FindElement {
   "element-6066-11e4-a52e-4f735466cecf": "C3AB1445809BF5E39BF84E1A011CEE9D_element_63"
}
[1707253671.515][INFO]: [a870904a45daa46b5d998ab01d798a9b] COMMAND ClickElement {
   "id": "C3AB1445809BF5E39BF84E1A011CEE9D_element_63"
}
[1707253671.515][INFO]: Waiting for pending navigations...
[1707253671.517][INFO]: Done waiting for pending navigations. Status: ok
[1707253671.643][INFO]: Waiting for pending navigations...
[1707253671.648][INFO]: Done waiting for pending navigations. Status: ok
[1707253671.648][INFO]: [a870904a45daa46b5d998ab01d798a9b] RESPONSE ClickElement
[1707253673.670][INFO]: [a870904a45daa46b5d998ab01d798a9b] COMMAND FindElement {
   "using": "xpath",
   "value": "//div[@role='button'][normalize-space()='=']"
}
[1707253673.670][INFO]: Waiting for pending navigations...
[1707253673.672][INFO]: Done waiting for pending navigations. Status: ok
[1707253673.720][INFO]: Waiting for pending navigations...
[1707253673.722][INFO]: Done waiting for pending navigations. Status: ok
[1707253673.722][INFO]: [a870904a45daa46b5d998ab01d798a9b] RESPONSE FindElement {
   "element-6066-11e4-a52e-4f735466cecf": "C3AB1445809BF5E39BF84E1A011CEE9D_element_64"
}
[1707253673.729][INFO]: [a870904a45daa46b5d998ab01d798a9b] COMMAND ClickElement {
   "id": "C3AB1445809BF5E39BF84E1A011CEE9D_element_64"
}
[1707253673.729][INFO]: Waiting for pending navigations...
[1707253673.730][INFO]: Done waiting for pending navigations. Status: ok
[1707253673.833][INFO]: Waiting for pending navigations...
[1707253673.836][INFO]: Done waiting for pending navigations. Status: ok
[1707253673.836][INFO]: [a870904a45daa46b5d998ab01d798a9b] RESPONSE ClickElement
[1707253675.863][INFO]: [a870904a45daa46b5d998ab01d798a9b] COMMAND FindElement {
   "using": "css selector",
   "value": "#cwos"
}
[1707253675.863][INFO]: Waiting for pending navigations...
[1707253675.865][INFO]: Done waiting for pending navigations. Status: ok
[1707253675.894][INFO]: Waiting for pending navigations...
[1707253675.896][INFO]: Done waiting for pending navigations. Status: ok
[1707253675.896][INFO]: [a870904a45daa46b5d998ab01d798a9b] RESPONSE FindElement {
   "element-6066-11e4-a52e-4f735466cecf": "C3AB1445809BF5E39BF84E1A011CEE9D_element_42"
}
[1707253675.906][INFO]: [a870904a45daa46b5d998ab01d798a9b] COMMAND GetElementText {
   "id": "C3AB1445809BF5E39BF84E1A011CEE9D_element_42"
}
[1707253675.906][INFO]: Waiting for pending navigations...
[1707253675.909][INFO]: Done waiting for pending navigations. Status: ok
[1707253675.937][INFO]: Waiting for pending navigations...
[1707253675.939][INFO]: Done waiting for pending navigations. Status: ok
[1707253675.939][INFO]: [a870904a45daa46b5d998ab01d798a9b] RESPONSE GetElementText "12"
[1707253677.953][INFO]: [a870904a45daa46b5d998ab01d798a9b] COMMAND FindElement {
   "using": "xpath",
   "value": "//div[@role='button'][normalize-space()='1']"
}
[1707253677.953][INFO]: Waiting for pending navigations...
[1707253677.954][INFO]: Done waiting for pending navigations. Status: ok
[1707253677.976][INFO]: Waiting for pending navigations...
[1707253677.978][INFO]: Done waiting for pending navigations. Status: ok
[1707253677.978][INFO]: [a870904a45daa46b5d998ab01d798a9b] RESPONSE FindElement {
   "element-6066-11e4-a52e-4f735466cecf": "C3AB1445809BF5E39BF84E1A011CEE9D_element_69"
}
[1707253677.984][INFO]: [a870904a45daa46b5d998ab01d798a9b] COMMAND ClickElement {
   "id": "C3AB1445809BF5E39BF84E1A011CEE9D_element_69"
}
[1707253677.984][INFO]: Waiting for pending navigations...
[1707253677.986][INFO]: Done waiting for pending navigations. Status: ok
[1707253678.061][INFO]: Waiting for pending navigations...
[1707253678.063][INFO]: Done waiting for pending navigations. Status: ok
[1707253678.063][INFO]: [a870904a45daa46b5d998ab01d798a9b] RESPONSE ClickElement
[1707253678.069][INFO]: [a870904a45daa46b5d998ab01d798a9b] COMMAND FindElement {
   "using": "xpath",
   "value": "//div[@role='button'][normalize-space()='5']"
}
[1707253678.069][INFO]: Waiting for pending navigations...
[1707253678.071][INFO]: Done waiting for pending navigations. Status: ok
[1707253678.084][INFO]: Waiting for pending navigations...
[1707253678.085][INFO]: Done waiting for pending navigations. Status: ok
[1707253678.085][INFO]: [a870904a45daa46b5d998ab01d798a9b] RESPONSE FindElement {
   "element-6066-11e4-a52e-4f735466cecf": "C3AB1445809BF5E39BF84E1A011CEE9D_element_61"
}
[1707253678.091][INFO]: [a870904a45daa46b5d998ab01d798a9b] COMMAND ClickElement {
   "id": "C3AB1445809BF5E39BF84E1A011CEE9D_element_61"
}
[1707253678.091][INFO]: Waiting for pending navigations...
[1707253678.092][INFO]: Done waiting for pending navigations. Status: ok
[1707253678.164][INFO]: Waiting for pending navigations...
[1707253678.166][INFO]: Done waiting for pending navigations. Status: ok
[1707253678.166][INFO]: [a870904a45daa46b5d998ab01d798a9b] RESPONSE ClickElement
[1707253680.176][INFO]: [a870904a45daa46b5d998ab01d798a9b] COMMAND FindElement {
   "using": "xpath",
   "value": "//div[@aria-label='minus']"
}
[1707253680.176][INFO]: Waiting for pending navigations...
[1707253680.179][INFO]: Done waiting for pending navigations. Status: ok
[1707253680.226][INFO]: Waiting for pending navigations...
[1707253680.228][INFO]: Done waiting for pending navigations. Status: ok
[1707253680.228][INFO]: [a870904a45daa46b5d998ab01d798a9b] RESPONSE FindElement {
   "element-6066-11e4-a52e-4f735466cecf": "C3AB1445809BF5E39BF84E1A011CEE9D_element_70"
}
[1707253680.240][INFO]: [a870904a45daa46b5d998ab01d798a9b] COMMAND ClickElement {
   "id": "C3AB1445809BF5E39BF84E1A011CEE9D_element_70"
}
[1707253680.240][INFO]: Waiting for pending navigations...
[1707253680.243][INFO]: Done waiting for pending navigations. Status: ok
[1707253680.371][INFO]: Waiting for pending navigations...
[1707253680.377][INFO]: Done waiting for pending navigations. Status: ok
[1707253680.377][INFO]: [a870904a45daa46b5d998ab01d798a9b] RESPONSE ClickElement
[1707253682.395][INFO]: [a870904a45daa46b5d998ab01d798a9b] COMMAND FindElement {
   "using": "xpath",
   "value": "//div[@role='button'][normalize-space()='8']"
}
[1707253682.395][INFO]: Waiting for pending navigations...
[1707253682.397][INFO]: Done waiting for pending navigations. Status: ok
[1707253682.433][INFO]: Waiting for pending navigations...
[1707253682.435][INFO]: Done waiting for pending navigations. Status: ok
[1707253682.435][INFO]: [a870904a45daa46b5d998ab01d798a9b] RESPONSE FindElement {
   "element-6066-11e4-a52e-4f735466cecf": "C3AB1445809BF5E39BF84E1A011CEE9D_element_71"
}
[1707253682.444][INFO]: [a870904a45daa46b5d998ab01d798a9b] COMMAND ClickElement {
   "id": "C3AB1445809BF5E39BF84E1A011CEE9D_element_71"
}
[1707253682.444][INFO]: Waiting for pending navigations...
[1707253682.446][INFO]: Done waiting for pending navigations. Status: ok
[1707253682.561][INFO]: Waiting for pending navigations...
[1707253682.564][INFO]: Done waiting for pending navigations. Status: ok
[1707253682.565][INFO]: [a870904a45daa46b5d998ab01d798a9b] RESPONSE ClickElement
[1707253684.582][INFO]: [a870904a45daa46b5d998ab01d798a9b] COMMAND FindElement {
   "using": "xpath",
   "value": "//div[@role='button'][normalize-space()='=']"
}
[1707253684.582][INFO]: Waiting for pending navigations...
[1707253684.583][INFO]: Done waiting for pending navigations. Status: ok
[1707253684.599][INFO]: Waiting for pending navigations...
[1707253684.600][INFO]: Done waiting for pending navigations. Status: ok
[1707253684.600][INFO]: [a870904a45daa46b5d998ab01d798a9b] RESPONSE FindElement {
   "element-6066-11e4-a52e-4f735466cecf": "C3AB1445809BF5E39BF84E1A011CEE9D_element_64"
}
[1707253684.604][INFO]: [a870904a45daa46b5d998ab01d798a9b] COMMAND ClickElement {
   "id": "C3AB1445809BF5E39BF84E1A011CEE9D_element_64"
}
[1707253684.604][INFO]: Waiting for pending navigations...
[1707253684.605][INFO]: Done waiting for pending navigations. Status: ok
[1707253684.655][INFO]: Waiting for pending navigations...
[1707253684.657][INFO]: Done waiting for pending navigations. Status: ok
[1707253684.657][INFO]: [a870904a45daa46b5d998ab01d798a9b] RESPONSE ClickElement
[1707253686.675][INFO]: [a870904a45daa46b5d998ab01d798a9b] COMMAND FindElement {
   "using": "css selector",
   "value": "#cwos"
}
[1707253686.675][INFO]: Waiting for pending navigations...
[1707253686.678][INFO]: Done waiting for pending navigations. Status: ok
[1707253686.700][INFO]: Waiting for pending navigations...
[1707253686.702][INFO]: Done waiting for pending navigations. Status: ok
[1707253686.702][INFO]: [a870904a45daa46b5d998ab01d798a9b] RESPONSE FindElement {
   "element-6066-11e4-a52e-4f735466cecf": "C3AB1445809BF5E39BF84E1A011CEE9D_element_42"
}
[1707253686.709][INFO]: [a870904a45daa46b5d998ab01d798a9b] COMMAND GetElementText {
   "id": "C3AB1445809BF5E39BF84E1A011CEE9D_element_42"
}
[1707253686.709][INFO]: Waiting for pending navigations...
[1707253686.712][INFO]: Done waiting for pending navigations. Status: ok
[1707253686.734][INFO]: Waiting for pending navigations...
[1707253686.737][INFO]: Done waiting for pending navigations. Status: ok
[1707253686.737][INFO]: [a870904a45daa46b5d998ab01d798a9b] RESPONSE GetElementText "7"
[1707253690.772][INFO]: [a870904a45daa46b5d998ab01d798a9b] COMMAND FindElement {
   "using": "xpath",
   "value": "//div[@role='button'][normalize-space()='1']"
}
[1707253690.773][INFO]: Waiting for pending navigations...
[1707253690.775][INFO]: Done waiting for pending navigations. Status: ok
[1707253690.798][INFO]: Waiting for pending navigations...
[1707253690.800][INFO]: Done waiting for pending navigations. Status: ok
[1707253690.800][INFO]: [a870904a45daa46b5d998ab01d798a9b] RESPONSE FindElement {
   "element-6066-11e4-a52e-4f735466cecf": "C3AB1445809BF5E39BF84E1A011CEE9D_element_69"
}
[1707253690.807][INFO]: [a870904a45daa46b5d998ab01d798a9b] COMMAND ClickElement {
   "id": "C3AB1445809BF5E39BF84E1A011CEE9D_element_69"
}
[1707253690.808][INFO]: Waiting for pending navigations...
[1707253690.810][INFO]: Done waiting for pending navigations. Status: ok
[1707253690.926][INFO]: Waiting for pending navigations...
[1707253690.930][INFO]: Done waiting for pending navigations. Status: ok
[1707253690.930][INFO]: [a870904a45daa46b5d998ab01d798a9b] RESPONSE ClickElement
[1707253690.940][INFO]: [a870904a45daa46b5d998ab01d798a9b] COMMAND FindElement {
   "using": "xpath",
   "value": "//div[@role='button'][normalize-space()='0']"
}
[1707253690.940][INFO]: Waiting for pending navigations...
[1707253690.942][INFO]: Done waiting for pending navigations. Status: ok
[1707253690.979][INFO]: Waiting for pending navigations...
[1707253690.981][INFO]: Done waiting for pending navigations. Status: ok
[1707253690.982][INFO]: [a870904a45daa46b5d998ab01d798a9b] RESPONSE FindElement {
   "element-6066-11e4-a52e-4f735466cecf": "C3AB1445809BF5E39BF84E1A011CEE9D_element_74"
}
[1707253690.990][INFO]: [a870904a45daa46b5d998ab01d798a9b] COMMAND ClickElement {
   "id": "C3AB1445809BF5E39BF84E1A011CEE9D_element_74"
}
[1707253690.990][INFO]: Waiting for pending navigations...
[1707253690.992][INFO]: Done waiting for pending navigations. Status: ok
[1707253691.137][INFO]: Waiting for pending navigations...
[1707253691.146][INFO]: Done waiting for pending navigations. Status: ok
[1707253691.146][INFO]: [a870904a45daa46b5d998ab01d798a9b] RESPONSE ClickElement
[1707253693.163][INFO]: [a870904a45daa46b5d998ab01d798a9b] COMMAND FindElement {
   "using": "xpath",
   "value": "//div[@aria-label='multiply']"
}
[1707253693.163][INFO]: Waiting for pending navigations...
[1707253693.165][INFO]: Done waiting for pending navigations. Status: ok
[1707253693.201][INFO]: Waiting for pending navigations...
[1707253693.203][INFO]: Done waiting for pending navigations. Status: ok
[1707253693.203][INFO]: [a870904a45daa46b5d998ab01d798a9b] RESPONSE FindElement {
   "element-6066-11e4-a52e-4f735466cecf": "C3AB1445809BF5E39BF84E1A011CEE9D_element_75"
}
[1707253693.211][INFO]: [a870904a45daa46b5d998ab01d798a9b] COMMAND ClickElement {
   "id": "C3AB1445809BF5E39BF84E1A011CEE9D_element_75"
}
[1707253693.211][INFO]: Waiting for pending navigations...
[1707253693.213][INFO]: Done waiting for pending navigations. Status: ok
[1707253693.331][INFO]: Waiting for pending navigations...
[1707253693.335][INFO]: Done waiting for pending navigations. Status: ok
[1707253693.335][INFO]: [a870904a45daa46b5d998ab01d798a9b] RESPONSE ClickElement
[1707253695.358][INFO]: [a870904a45daa46b5d998ab01d798a9b] COMMAND FindElement {
   "using": "xpath",
   "value": "//div[@role='button'][normalize-space()='3']"
}
[1707253695.358][INFO]: Waiting for pending navigations...
[1707253695.360][INFO]: Done waiting for pending navigations. Status: ok
[1707253695.416][INFO]: Waiting for pending navigations...
[1707253695.419][INFO]: Done waiting for pending navigations. Status: ok
[1707253695.419][INFO]: [a870904a45daa46b5d998ab01d798a9b] RESPONSE FindElement {
   "element-6066-11e4-a52e-4f735466cecf": "C3AB1445809BF5E39BF84E1A011CEE9D_element_76"
}
[1707253695.432][INFO]: [a870904a45daa46b5d998ab01d798a9b] COMMAND ClickElement {
   "id": "C3AB1445809BF5E39BF84E1A011CEE9D_element_76"
}
[1707253695.432][INFO]: Waiting for pending navigations...
[1707253695.435][INFO]: Done waiting for pending navigations. Status: ok
[1707253695.596][INFO]: Waiting for pending navigations...
[1707253695.600][INFO]: Done waiting for pending navigations. Status: ok
[1707253695.600][INFO]: [a870904a45daa46b5d998ab01d798a9b] RESPONSE ClickElement
[1707253697.622][INFO]: [a870904a45daa46b5d998ab01d798a9b] COMMAND FindElement {
   "using": "xpath",
   "value": "//div[@role='button'][normalize-space()='=']"
}
[1707253697.622][INFO]: Waiting for pending navigations...
[1707253697.624][INFO]: Done waiting for pending navigations. Status: ok
[1707253697.656][INFO]: Waiting for pending navigations...
[1707253697.659][INFO]: Done waiting for pending navigations. Status: ok
[1707253697.659][INFO]: [a870904a45daa46b5d998ab01d798a9b] RESPONSE FindElement {
   "element-6066-11e4-a52e-4f735466cecf": "C3AB1445809BF5E39BF84E1A011CEE9D_element_64"
}
[1707253697.668][INFO]: [a870904a45daa46b5d998ab01d798a9b] COMMAND ClickElement {
   "id": "C3AB1445809BF5E39BF84E1A011CEE9D_element_64"
}
[1707253697.668][INFO]: Waiting for pending navigations...
[1707253697.671][INFO]: Done waiting for pending navigations. Status: ok
[1707253697.808][INFO]: Waiting for pending navigations...
[1707253697.813][INFO]: Done waiting for pending navigations. Status: ok
[1707253697.813][INFO]: [a870904a45daa46b5d998ab01d798a9b] RESPONSE ClickElement
[1707253699.838][INFO]: [a870904a45daa46b5d998ab01d798a9b] COMMAND FindElement {
   "using": "css selector",
   "value": "#cwos"
}
[1707253699.838][INFO]: Waiting for pending navigations...
[1707253699.841][INFO]: Done waiting for pending navigations. Status: ok
[1707253699.863][INFO]: Waiting for pending navigations...
[1707253699.865][INFO]: Done waiting for pending navigations. Status: ok
[1707253699.865][INFO]: [a870904a45daa46b5d998ab01d798a9b] RESPONSE FindElement {
   "element-6066-11e4-a52e-4f735466cecf": "C3AB1445809BF5E39BF84E1A011CEE9D_element_42"
}
[1707253699.874][INFO]: [a870904a45daa46b5d998ab01d798a9b] COMMAND GetElementText {
   "id": "C3AB1445809BF5E39BF84E1A011CEE9D_element_42"
}
[1707253699.874][INFO]: Waiting for pending navigations...
[1707253699.876][INFO]: Done waiting for pending navigations. Status: ok
[1707253699.899][INFO]: Waiting for pending navigations...
[1707253699.901][INFO]: Done waiting for pending navigations. Status: ok
[1707253699.901][INFO]: [a870904a45daa46b5d998ab01d798a9b] RESPONSE GetElementText "30"
[1707253701.920][INFO]: [a870904a45daa46b5d998ab01d798a9b] COMMAND FindElement {
   "using": "xpath",
   "value": "//div[@role='button'][normalize-space()='AC']"
}
[1707253701.921][INFO]: Waiting for pending navigations...
[1707253701.923][INFO]: Done waiting for pending navigations. Status: ok
[1707253701.963][INFO]: Waiting for pending navigations...
[1707253701.965][INFO]: Done waiting for pending navigations. Status: ok
[1707253701.965][INFO]: [a870904a45daa46b5d998ab01d798a9b] RESPONSE FindElement {
   "element-6066-11e4-a52e-4f735466cecf": "C3AB1445809BF5E39BF84E1A011CEE9D_element_79"
}
[1707253701.974][INFO]: [a870904a45daa46b5d998ab01d798a9b] COMMAND ClickElement {
   "id": "C3AB1445809BF5E39BF84E1A011CEE9D_element_79"
}
[1707253701.974][INFO]: Waiting for pending navigations...
[1707253701.976][INFO]: Done waiting for pending navigations. Status: ok
[1707253702.096][INFO]: Waiting for pending navigations...
[1707253702.102][INFO]: Done waiting for pending navigations. Status: ok
[1707253702.102][INFO]: [a870904a45daa46b5d998ab01d798a9b] RESPONSE ClickElement
[1707253704.133][INFO]: [a870904a45daa46b5d998ab01d798a9b] COMMAND FindElement {
   "using": "css selector",
   "value": "#cwos"
}
[1707253704.133][INFO]: Waiting for pending navigations...
[1707253704.139][INFO]: Done waiting for pending navigations. Status: ok
[1707253704.195][INFO]: Waiting for pending navigations...
[1707253704.196][INFO]: Done waiting for pending navigations. Status: ok
[1707253704.196][INFO]: [a870904a45daa46b5d998ab01d798a9b] RESPONSE FindElement {
   "element-6066-11e4-a52e-4f735466cecf": "C3AB1445809BF5E39BF84E1A011CEE9D_element_42"
}
[1707253704.201][INFO]: [a870904a45daa46b5d998ab01d798a9b] COMMAND GetElementText {
   "id": "C3AB1445809BF5E39BF84E1A011CEE9D_element_42"
}
[1707253704.201][INFO]: Waiting for pending navigations...
[1707253704.202][INFO]: Done waiting for pending navigations. Status: ok
[1707253704.214][INFO]: Waiting for pending navigations...
[1707253704.215][INFO]: Done waiting for pending navigations. Status: ok
[1707253704.215][INFO]: [a870904a45daa46b5d998ab01d798a9b] RESPONSE GetElementText "0"
[1707253706.226][INFO]: [a870904a45daa46b5d998ab01d798a9b] COMMAND FindElement {
   "using": "xpath",
   "value": "//div[@role='button'][normalize-space()='2']"
}
[1707253706.226][INFO]: Waiting for pending navigations...
[1707253706.229][INFO]: Done waiting for pending navigations. Status: ok
[1707253706.269][INFO]: Waiting for pending navigations...
[1707253706.271][INFO]: Done waiting for pending navigations. Status: ok
[1707253706.272][INFO]: [a870904a45daa46b5d998ab01d798a9b] RESPONSE FindElement {
   "element-6066-11e4-a52e-4f735466cecf": "C3AB1445809BF5E39BF84E1A011CEE9D_element_80"
}
[1707253706.281][INFO]: [a870904a45daa46b5d998ab01d798a9b] COMMAND ClickElement {
   "id": "C3AB1445809BF5E39BF84E1A011CEE9D_element_80"
}
[1707253706.281][INFO]: Waiting for pending navigations...
[1707253706.284][INFO]: Done waiting for pending navigations. Status: ok
[1707253706.409][INFO]: Waiting for pending navigations...
[1707253706.417][INFO]: Done waiting for pending navigations. Status: ok
[1707253706.418][INFO]: [a870904a45daa46b5d998ab01d798a9b] RESPONSE ClickElement
[1707253706.431][INFO]: [a870904a45daa46b5d998ab01d798a9b] COMMAND FindElement {
   "using": "xpath",
   "value": "//div[@role='button'][normalize-space()='0']"
}
[1707253706.431][INFO]: Waiting for pending navigations...
[1707253706.433][INFO]: Done waiting for pending navigations. Status: ok
[1707253706.463][INFO]: Waiting for pending navigations...
[1707253706.465][INFO]: Done waiting for pending navigations. Status: ok
[1707253706.465][INFO]: [a870904a45daa46b5d998ab01d798a9b] RESPONSE FindElement {
   "element-6066-11e4-a52e-4f735466cecf": "C3AB1445809BF5E39BF84E1A011CEE9D_element_74"
}
[1707253706.477][INFO]: [a870904a45daa46b5d998ab01d798a9b] COMMAND ClickElement {
   "id": "C3AB1445809BF5E39BF84E1A011CEE9D_element_74"
}
[1707253706.477][INFO]: Waiting for pending navigations...
[1707253706.479][INFO]: Done waiting for pending navigations. Status: ok
[1707253706.624][INFO]: Waiting for pending navigations...
[1707253706.625][INFO]: Done waiting for pending navigations. Status: ok
[1707253706.625][INFO]: [a870904a45daa46b5d998ab01d798a9b] RESPONSE ClickElement
[1707253708.645][INFO]: [a870904a45daa46b5d998ab01d798a9b] COMMAND FindElement {
   "using": "xpath",
   "value": "//div[@aria-label='divide']"
}
[1707253708.645][INFO]: Waiting for pending navigations...
[1707253708.647][INFO]: Done waiting for pending navigations. Status: ok
[1707253708.697][INFO]: Waiting for pending navigations...
[1707253708.699][INFO]: Done waiting for pending navigations. Status: ok
[1707253708.700][INFO]: [a870904a45daa46b5d998ab01d798a9b] RESPONSE FindElement {
   "element-6066-11e4-a52e-4f735466cecf": "C3AB1445809BF5E39BF84E1A011CEE9D_element_81"
}
[1707253708.714][INFO]: [a870904a45daa46b5d998ab01d798a9b] COMMAND ClickElement {
   "id": "C3AB1445809BF5E39BF84E1A011CEE9D_element_81"
}
[1707253708.714][INFO]: Waiting for pending navigations...
[1707253708.717][INFO]: Done waiting for pending navigations. Status: ok
[1707253708.922][INFO]: Waiting for pending navigations...
[1707253708.930][INFO]: Done waiting for pending navigations. Status: ok
[1707253708.930][INFO]: [a870904a45daa46b5d998ab01d798a9b] RESPONSE ClickElement
[1707253710.949][INFO]: [a870904a45daa46b5d998ab01d798a9b] COMMAND FindElement {
   "using": "xpath",
   "value": "//div[@role='button'][normalize-space()='4']"
}
[1707253710.950][INFO]: Waiting for pending navigations...
[1707253710.952][INFO]: Done waiting for pending navigations. Status: ok
[1707253710.998][INFO]: Waiting for pending navigations...
[1707253711.000][INFO]: Done waiting for pending navigations. Status: ok
[1707253711.000][INFO]: [a870904a45daa46b5d998ab01d798a9b] RESPONSE FindElement {
   "element-6066-11e4-a52e-4f735466cecf": "C3AB1445809BF5E39BF84E1A011CEE9D_element_82"
}
[1707253711.009][INFO]: [a870904a45daa46b5d998ab01d798a9b] COMMAND ClickElement {
   "id": "C3AB1445809BF5E39BF84E1A011CEE9D_element_82"
}
[1707253711.009][INFO]: Waiting for pending navigations...
[1707253711.012][INFO]: Done waiting for pending navigations. Status: ok
[1707253711.155][INFO]: Waiting for pending navigations...
[1707253711.160][INFO]: Done waiting for pending navigations. Status: ok
[1707253711.160][INFO]: [a870904a45daa46b5d998ab01d798a9b] RESPONSE ClickElement
[1707253713.181][INFO]: [a870904a45daa46b5d998ab01d798a9b] COMMAND FindElement {
   "using": "xpath",
   "value": "//div[@role='button'][normalize-space()='=']"
}
[1707253713.181][INFO]: Waiting for pending navigations...
[1707253713.184][INFO]: Done waiting for pending navigations. Status: ok
[1707253713.208][INFO]: Waiting for pending navigations...
[1707253713.210][INFO]: Done waiting for pending navigations. Status: ok
[1707253713.211][INFO]: [a870904a45daa46b5d998ab01d798a9b] RESPONSE FindElement {
   "element-6066-11e4-a52e-4f735466cecf": "C3AB1445809BF5E39BF84E1A011CEE9D_element_64"
}
[1707253713.220][INFO]: [a870904a45daa46b5d998ab01d798a9b] COMMAND ClickElement {
   "id": "C3AB1445809BF5E39BF84E1A011CEE9D_element_64"
}
[1707253713.220][INFO]: Waiting for pending navigations...
[1707253713.223][INFO]: Done waiting for pending navigations. Status: ok
[1707253713.375][INFO]: Waiting for pending navigations...
[1707253713.382][INFO]: Done waiting for pending navigations. Status: ok
[1707253713.382][INFO]: [a870904a45daa46b5d998ab01d798a9b] RESPONSE ClickElement
[1707253715.407][INFO]: [a870904a45daa46b5d998ab01d798a9b] COMMAND FindElement {
   "using": "css selector",
   "value": "#cwos"
}
[1707253715.408][INFO]: Waiting for pending navigations...
[1707253715.409][INFO]: Done waiting for pending navigations. Status: ok
[1707253715.431][INFO]: Waiting for pending navigations...
[1707253715.433][INFO]: Done waiting for pending navigations. Status: ok
[1707253715.434][INFO]: [a870904a45daa46b5d998ab01d798a9b] RESPONSE FindElement {
   "element-6066-11e4-a52e-4f735466cecf": "C3AB1445809BF5E39BF84E1A011CEE9D_element_42"
}
[1707253715.440][INFO]: [a870904a45daa46b5d998ab01d798a9b] COMMAND GetElementText {
   "id": "C3AB1445809BF5E39BF84E1A011CEE9D_element_42"
}
[1707253715.440][INFO]: Waiting for pending navigations...
[1707253715.442][INFO]: Done waiting for pending navigations. Status: ok
[1707253715.458][INFO]: Waiting for pending navigations...
[1707253715.459][INFO]: Done waiting for pending navigations. Status: ok
[1707253715.459][INFO]: [a870904a45daa46b5d998ab01d798a9b] RESPONSE GetElementText "5"
[1707253717.470][INFO]: [a870904a45daa46b5d998ab01d798a9b] COMMAND CloseWindow {
}
[1707253717.595][INFO]: [a870904a45daa46b5d998ab01d798a9b] RESPONSE CloseWindow [  ]
